<?xml version="1.0" encoding="utf-8"?><testsuites name="pytest tests"><testsuite name="pytest" errors="0" failures="0" skipped="0" tests="36" time="4.250" timestamp="2026-07-08T20:03:16.028775+00:00" hostname="agent-env-0ccec356-531d-442a-a342-03f4d544805f"><testcase classname="tests.backend_test.TestAuth" name="test_login_principal" time="0.263" /><testcase classname="tests.backend_test.TestTimetable" name="test_get_class_timetable" time="1.185" /><testcase classname="tests.backend_test.TestAuth" name="test_login_all_roles" time="0.921" /><testcase classname="tests.backend_test.TestAuth" name="test_login_wrong_password" time="0.172" /><testcase classname="tests.backend_test.TestTimetable" name="test_upsert_slot" time="0.171" /><testcase classname="tests.backend_test.TestAuth" name="test_me_returns_user" time="0.102" /><testcase classname="tests.backend_test.TestTimetable" name="test_teacher_own_slots" time="0.116" /><testcase classname="tests.backend_test.TestAuth" name="test_me_without_token" time="0.103" /><testcase classname="tests.backend_test.TestTimetable" name="test_affected_endpoint_returns_conflicts" time="0.209" /><testcase classname="tests.backend_test.TestAnalytics" name="test_summary" time="0.124" /><testcase classname="tests.backend_test.TestTimetable" name="test_affected_endpoint_requires_params" time="0.110" /><testcase classname="tests.backend_test.TestAnalytics" name="test_attendance_trend" time="0.146" /><testcase classname="tests.backend_test.TestStudents" name="test_list_as_principal" time="0.099" /><testcase classname="tests.backend_test.TestAnalytics" name="test_class_distribution" time="0.104" /><testcase classname="tests.backend_test.TestStudents" name="test_parent_scoping" time="0.114" /><testcase classname="tests.backend_test.TestAnalytics" name="test_fee_status" time="0.111" /><testcase classname="tests.backend_test.TestStudents" name="test_create_student" time="0.389" /><testcase classname="tests.backend_test.TestLeaves" name="test_teacher_apply_leave" time="0.103" /><testcase classname="tests.backend_test.TestLeaves" name="test_parent_cannot_apply_leave" time="0.098" /><testcase classname="tests.backend_test.TestLeaves" name="test_principal_approve_leave" time="0.227" /><testcase classname="tests.backend_test.TestTeachers" name="test_list_teachers" time="0.104" /><testcase classname="tests.backend_test.TestAttendance" name="test_mark_student_attendance" time="0.331" /><testcase classname="tests.backend_test.TestTeachers" name="test_create_teacher" time="0.100" /><testcase classname="tests.backend_test.TestFees" name="test_parent_only_own_fees" time="0.104" /><testcase classname="tests.backend_test.TestFees" name="test_mark_paid_and_reminders" time="0.321" /><testcase classname="tests.backend_test.TestAttendance" name="test_teacher_cannot_mark_teacher_attendance" time="0.121" /><testcase classname="tests.backend_test.TestHolidays" name="test_list_holidays" time="0.101" /><testcase classname="tests.backend_test.TestAnnouncements" name="test_create_parent_announcement" time="0.206" /><testcase classname="tests.backend_test.TestHolidays" name="test_create_and_duplicate" time="0.194" /><testcase classname="tests.backend_test.TestEnquiries" name="test_public_create" time="0.111" /><testcase classname="tests.backend_test.TestAnnouncements" name="test_public_news" time="0.102" /><testcase classname="tests.backend_test.TestAudit" name="test_audit_list" time="0.116" /><testcase classname="tests.backend_test.TestEnquiries" name="test_principal_list_and_patch" time="0.196" /><testcase classname="tests.backend_test.TestAudit" name="test_audit_filter" time="0.105" /><testcase classname="tests.backend_test.TestHealth" name="test_health" time="0.144" /><testcase classname="tests.backend_test.TestNotifications" name="test_list_and_mark_read" time="0.369" /></testsuite></testsuites>